app/build/intermediates/manifest_merge_blame_file/debug/manifest-merger-blame-debug-report.txt
1<?xml version="1.0" encoding="utf-8"?>
2<manifest xmlns:android="http://schemas.android.com/apk/res/android"
3    package="com.example.poetrynew"
4    android:versionCode="1"
5    android:versionName="1.0" >
6
7    <uses-sdk
8        android:minSdkVersion="26"
9        android:targetSdkVersion="34" />
10
11    <uses-permission android:name="android.permission.INTERNET" />
11-->src\main\AndroidManifest.xml:5:5-67
11-->src\main\AndroidManifest.xml:5:22-64
12    <uses-permission android:name="android.permission.ACCESS_NETWORK_STATE" />
12-->[com.google.firebase:firebase-auth:23.0.0] AndroidManifest.xml:26:5-79
12-->[com.google.firebase:firebase-auth:23.0.0] AndroidManifest.xml:26:22-76
13    <uses-permission android:name="com.google.android.providers.gsf.permission.READ_GSERVICES" />
13-->[com.google.android.recaptcha:recaptcha:18.4.0] AndroidManifest.xml:9:5-98
13-->[com.google.android.recaptcha:recaptcha:18.4.0] AndroidManifest.xml:9:22-95
14
15    <permission
15-->[androidx.core:core:1.9.0] AndroidManifest.xml:22:5-24:47
16        android:name="com.example.poetrynew.DYNAMIC_RECEIVER_NOT_EXPORTED_PERMISSION"
16-->[androidx.core:core:1.9.0] AndroidManifest.xml:23:9-81
17        android:protectionLevel="signature" />
17-->[androidx.core:core:1.9.0] AndroidManifest.xml:24:9-44
18
19    <uses-permission android:name="com.example.poetrynew.DYNAMIC_RECEIVER_NOT_EXPORTED_PERMISSION" />
19-->[androidx.core:core:1.9.0] AndroidManifest.xml:26:5-97
19-->[androidx.core:core:1.9.0] AndroidManifest.xml:26:22-94
20
21    <application
21-->src\main\AndroidManifest.xml:7:5-38:19
22        android:allowBackup="true"
22-->src\main\AndroidManifest.xml:8:9-35
23        android:appComponentFactory="androidx.core.app.CoreComponentFactory"
23-->[androidx.core:core:1.9.0] AndroidManifest.xml:28:18-86
24        android:debuggable="true"
25        android:extractNativeLibs="false"
26        android:icon="@mipmap/ic_launcher"
26-->src\main\AndroidManifest.xml:9:9-43
27        android:label="@string/app_name"
27-->src\main\AndroidManifest.xml:10:9-41
28        android:roundIcon="@mipmap/ic_launcher_round"
28-->src\main\AndroidManifest.xml:11:9-54
29        android:supportsRtl="true"
29-->src\main\AndroidManifest.xml:12:9-35
30        android:testOnly="true"
31        android:theme="@style/Theme.PoetryNew" >
31-->src\main\AndroidManifest.xml:13:9-47
32        <activity
32-->src\main\AndroidManifest.xml:16:9-23:20
33            android:name="com.example.poetrynew.ui.AuthActivity"
33-->src\main\AndroidManifest.xml:17:13-44
34            android:exported="true" >
34-->src\main\AndroidManifest.xml:18:13-36
35            <intent-filter>
35-->src\main\AndroidManifest.xml:19:13-22:29
36                <action android:name="android.intent.action.MAIN" />
36-->src\main\AndroidManifest.xml:20:17-69
36-->src\main\AndroidManifest.xml:20:25-66
37
38                <category android:name="android.intent.category.LAUNCHER" />
38-->src\main\AndroidManifest.xml:21:17-77
38-->src\main\AndroidManifest.xml:21:27-74
39            </intent-filter>
40        </activity>
41        <activity
41-->src\main\AndroidManifest.xml:25:9-27:40
42            android:name="com.example.poetrynew.MainActivity"
42-->src\main\AndroidManifest.xml:26:13-41
43            android:exported="false" />
43-->src\main\AndroidManifest.xml:27:13-37
44        <activity
44-->src\main\AndroidManifest.xml:30:9-32:40
45            android:name="com.example.poetrynew.ui.DetailActivity"
45-->src\main\AndroidManifest.xml:31:13-46
46            android:exported="false" />
46-->src\main\AndroidManifest.xml:32:13-37
47        <activity
47-->src\main\AndroidManifest.xml:34:9-36:40
48            android:name="com.example.poetrynew.ui.AddPoemActivity"
48-->src\main\AndroidManifest.xml:35:13-47
49            android:exported="false" />
49-->src\main\AndroidManifest.xml:36:13-37
50        <activity
50-->[com.google.firebase:firebase-auth:23.0.0] AndroidManifest.xml:29:9-46:20
51            android:name="com.google.firebase.auth.internal.GenericIdpActivity"
51-->[com.google.firebase:firebase-auth:23.0.0] AndroidManifest.xml:30:13-80
52            android:excludeFromRecents="true"
52-->[com.google.firebase:firebase-auth:23.0.0] AndroidManifest.xml:31:13-46
53            android:exported="true"
53-->[com.google.firebase:firebase-auth:23.0.0] AndroidManifest.xml:32:13-36
54            android:launchMode="singleTask"
54-->[com.google.firebase:firebase-auth:23.0.0] AndroidManifest.xml:33:13-44
55            android:theme="@android:style/Theme.Translucent.NoTitleBar" >
55-->[com.google.firebase:firebase-auth:23.0.0] AndroidManifest.xml:34:13-72
56            <intent-filter>
56-->[com.google.firebase:firebase-auth:23.0.0] AndroidManifest.xml:35:13-45:29
57                <action android:name="android.intent.action.VIEW" />
57-->[com.google.firebase:firebase-auth:23.0.0] AndroidManifest.xml:36:17-69
57-->[com.google.firebase:firebase-auth:23.0.0] AndroidManifest.xml:36:25-66
58
59                <category android:name="android.intent.category.DEFAULT" />
59-->[com.google.firebase:firebase-auth:23.0.0] AndroidManifest.xml:38:17-76
59-->[com.google.firebase:firebase-auth:23.0.0] AndroidManifest.xml:38:27-73
60                <category android:name="android.intent.category.BROWSABLE" />
60-->[com.google.firebase:firebase-auth:23.0.0] AndroidManifest.xml:39:17-78
60-->[com.google.firebase:firebase-auth:23.0.0] AndroidManifest.xml:39:27-75
61
62                <data
62-->[com.google.firebase:firebase-auth:23.0.0] AndroidManifest.xml:41:17-44:51
63                    android:host="firebase.auth"
63-->[com.google.firebase:firebase-auth:23.0.0] AndroidManifest.xml:42:21-49
64                    android:path="/"
64-->[com.google.firebase:firebase-auth:23.0.0] AndroidManifest.xml:43:21-37
65                    android:scheme="genericidp" />
65-->[com.google.firebase:firebase-auth:23.0.0] AndroidManifest.xml:44:21-48
66            </intent-filter>
67        </activity>
68        <activity
68-->[com.google.firebase:firebase-auth:23.0.0] AndroidManifest.xml:47:9-64:20
69            android:name="com.google.firebase.auth.internal.RecaptchaActivity"
69-->[com.google.firebase:firebase-auth:23.0.0] AndroidManifest.xml:48:13-79
70            android:excludeFromRecents="true"
70-->[com.google.firebase:firebase-auth:23.0.0] AndroidManifest.xml:49:13-46
71            android:exported="true"
71-->[com.google.firebase:firebase-auth:23.0.0] AndroidManifest.xml:50:13-36
72            android:launchMode="singleTask"
72-->[com.google.firebase:firebase-auth:23.0.0] AndroidManifest.xml:51:13-44
73            android:theme="@android:style/Theme.Translucent.NoTitleBar" >
73-->[com.google.firebase:firebase-auth:23.0.0] AndroidManifest.xml:52:13-72
74            <intent-filter>
74-->[com.google.firebase:firebase-auth:23.0.0] AndroidManifest.xml:53:13-63:29
75                <action android:name="android.intent.action.VIEW" />
75-->[com.google.firebase:firebase-auth:23.0.0] AndroidManifest.xml:36:17-69
75-->[com.google.firebase:firebase-auth:23.0.0] AndroidManifest.xml:36:25-66
76
77                <category android:name="android.intent.category.DEFAULT" />
77-->[com.google.firebase:firebase-auth:23.0.0] AndroidManifest.xml:38:17-76
77-->[com.google.firebase:firebase-auth:23.0.0] AndroidManifest.xml:38:27-73
78                <category android:name="android.intent.category.BROWSABLE" />
78-->[com.google.firebase:firebase-auth:23.0.0] AndroidManifest.xml:39:17-78
78-->[com.google.firebase:firebase-auth:23.0.0] AndroidManifest.xml:39:27-75
79
80                <data
80-->[com.google.firebase:firebase-auth:23.0.0] AndroidManifest.xml:41:17-44:51
81                    android:host="firebase.auth"
81-->[com.google.firebase:firebase-auth:23.0.0] AndroidManifest.xml:42:21-49
82                    android:path="/"
82-->[com.google.firebase:firebase-auth:23.0.0] AndroidManifest.xml:43:21-37
83                    android:scheme="recaptcha" />
83-->[com.google.firebase:firebase-auth:23.0.0] AndroidManifest.xml:44:21-48
84            </intent-filter>
85        </activity>
86
87        <service
87-->[com.google.firebase:firebase-auth:23.0.0] AndroidManifest.xml:66:9-72:19
88            android:name="com.google.firebase.components.ComponentDiscoveryService"
88-->[com.google.firebase:firebase-auth:23.0.0] AndroidManifest.xml:67:13-84
89            android:directBootAware="true"
89-->[com.google.firebase:firebase-common:21.0.0] AndroidManifest.xml:32:13-43
90            android:exported="false" >
90-->[com.google.firebase:firebase-auth:23.0.0] AndroidManifest.xml:68:13-37
91            <meta-data
91-->[com.google.firebase:firebase-auth:23.0.0] AndroidManifest.xml:69:13-71:85
92                android:name="com.google.firebase.components:com.google.firebase.auth.FirebaseAuthRegistrar"
92-->[com.google.firebase:firebase-auth:23.0.0] AndroidManifest.xml:70:17-109
93                android:value="com.google.firebase.components.ComponentRegistrar" />
93-->[com.google.firebase:firebase-auth:23.0.0] AndroidManifest.xml:71:17-82
94            <meta-data
94-->[com.google.firebase:firebase-firestore:25.0.0] AndroidManifest.xml:17:13-19:85
95                android:name="com.google.firebase.components:com.google.firebase.firestore.FirebaseFirestoreKtxRegistrar"
95-->[com.google.firebase:firebase-firestore:25.0.0] AndroidManifest.xml:18:17-122
96                android:value="com.google.firebase.components.ComponentRegistrar" />
96-->[com.google.firebase:firebase-firestore:25.0.0] AndroidManifest.xml:19:17-82
97            <meta-data
97-->[com.google.firebase:firebase-firestore:25.0.0] AndroidManifest.xml:20:13-22:85
98                android:name="com.google.firebase.components:com.google.firebase.firestore.FirestoreRegistrar"
98-->[com.google.firebase:firebase-firestore:25.0.0] AndroidManifest.xml:21:17-111
99                android:value="com.google.firebase.components.ComponentRegistrar" />
99-->[com.google.firebase:firebase-firestore:25.0.0] AndroidManifest.xml:22:17-82
100            <meta-data
100-->[com.google.firebase:firebase-common-ktx:21.0.0] AndroidManifest.xml:12:13-14:85
101                android:name="com.google.firebase.components:com.google.firebase.ktx.FirebaseCommonLegacyRegistrar"
101-->[com.google.firebase:firebase-common-ktx:21.0.0] AndroidManifest.xml:13:17-116
102                android:value="com.google.firebase.components.ComponentRegistrar" />
102-->[com.google.firebase:firebase-common-ktx:21.0.0] AndroidManifest.xml:14:17-82
103            <meta-data
103-->[com.google.firebase:firebase-common:21.0.0] AndroidManifest.xml:35:13-37:85
104                android:name="com.google.firebase.components:com.google.firebase.FirebaseCommonKtxRegistrar"
104-->[com.google.firebase:firebase-common:21.0.0] AndroidManifest.xml:36:17-109
105                android:value="com.google.firebase.components.ComponentRegistrar" />
105-->[com.google.firebase:firebase-common:21.0.0] AndroidManifest.xml:37:17-82
106        </service>
107
108        <provider
108-->[com.google.firebase:firebase-common:21.0.0] AndroidManifest.xml:23:9-28:39
109            android:name="com.google.firebase.provider.FirebaseInitProvider"
109-->[com.google.firebase:firebase-common:21.0.0] AndroidManifest.xml:24:13-77
110            android:authorities="com.example.poetrynew.firebaseinitprovider"
110-->[com.google.firebase:firebase-common:21.0.0] AndroidManifest.xml:25:13-72
111            android:directBootAware="true"
111-->[com.google.firebase:firebase-common:21.0.0] AndroidManifest.xml:26:13-43
112            android:exported="false"
112-->[com.google.firebase:firebase-common:21.0.0] AndroidManifest.xml:27:13-37
113            android:initOrder="100" />
113-->[com.google.firebase:firebase-common:21.0.0] AndroidManifest.xml:28:13-36
114
115        <service
115-->[androidx.credentials:credentials-play-services-auth:1.2.0-rc01] AndroidManifest.xml:24:9-32:19
116            android:name="androidx.credentials.playservices.CredentialProviderMetadataHolder"
116-->[androidx.credentials:credentials-play-services-auth:1.2.0-rc01] AndroidManifest.xml:25:13-94
117            android:enabled="true"
117-->[androidx.credentials:credentials-play-services-auth:1.2.0-rc01] AndroidManifest.xml:26:13-35
118            android:exported="false" >
118-->[androidx.credentials:credentials-play-services-auth:1.2.0-rc01] AndroidManifest.xml:27:13-37
119            <meta-data
119-->[androidx.credentials:credentials-play-services-auth:1.2.0-rc01] AndroidManifest.xml:29:13-31:104
120                android:name="androidx.credentials.CREDENTIAL_PROVIDER_KEY"
120-->[androidx.credentials:credentials-play-services-auth:1.2.0-rc01] AndroidManifest.xml:30:17-76
121                android:value="androidx.credentials.playservices.CredentialProviderPlayServicesImpl" />
121-->[androidx.credentials:credentials-play-services-auth:1.2.0-rc01] AndroidManifest.xml:31:17-101
122        </service>
123
124        <activity
124-->[androidx.credentials:credentials-play-services-auth:1.2.0-rc01] AndroidManifest.xml:34:9-41:20
125            android:name="androidx.credentials.playservices.HiddenActivity"
125-->[androidx.credentials:credentials-play-services-auth:1.2.0-rc01] AndroidManifest.xml:35:13-76
126            android:configChanges="orientation|screenSize|screenLayout|keyboardHidden"
126-->[androidx.credentials:credentials-play-services-auth:1.2.0-rc01] AndroidManifest.xml:36:13-87
127            android:enabled="true"
127-->[androidx.credentials:credentials-play-services-auth:1.2.0-rc01] AndroidManifest.xml:37:13-35
128            android:exported="false"
128-->[androidx.credentials:credentials-play-services-auth:1.2.0-rc01] AndroidManifest.xml:38:13-37
129            android:fitsSystemWindows="true"
129-->[androidx.credentials:credentials-play-services-auth:1.2.0-rc01] AndroidManifest.xml:39:13-45
130            android:theme="@style/Theme.Hidden" >
130-->[androidx.credentials:credentials-play-services-auth:1.2.0-rc01] AndroidManifest.xml:40:13-48
131        </activity>
132        <activity
132-->[com.google.android.gms:play-services-auth:20.7.0] AndroidManifest.xml:23:9-27:75
133            android:name="com.google.android.gms.auth.api.signin.internal.SignInHubActivity"
133-->[com.google.android.gms:play-services-auth:20.7.0] AndroidManifest.xml:24:13-93
134            android:excludeFromRecents="true"
134-->[com.google.android.gms:play-services-auth:20.7.0] AndroidManifest.xml:25:13-46
135            android:exported="false"
135-->[com.google.android.gms:play-services-auth:20.7.0] AndroidManifest.xml:26:13-37
136            android:theme="@android:style/Theme.Translucent.NoTitleBar" />
136-->[com.google.android.gms:play-services-auth:20.7.0] AndroidManifest.xml:27:13-72
137        <!--
138            Service handling Google Sign-In user revocation. For apps that do not integrate with
139            Google Sign-In, this service will never be started.
140        -->
141        <service
141-->[com.google.android.gms:play-services-auth:20.7.0] AndroidManifest.xml:33:9-37:51
142            android:name="com.google.android.gms.auth.api.signin.RevocationBoundService"
142-->[com.google.android.gms:play-services-auth:20.7.0] AndroidManifest.xml:34:13-89
143            android:exported="true"
143-->[com.google.android.gms:play-services-auth:20.7.0] AndroidManifest.xml:35:13-36
144            android:permission="com.google.android.gms.auth.api.signin.permission.REVOCATION_NOTIFICATION"
144-->[com.google.android.gms:play-services-auth:20.7.0] AndroidManifest.xml:36:13-107
145            android:visibleToInstantApps="true" />
145-->[com.google.android.gms:play-services-auth:20.7.0] AndroidManifest.xml:37:13-48
146
147        <activity
147-->[com.google.android.gms:play-services-base:18.0.1] AndroidManifest.xml:20:9-22:45
148            android:name="com.google.android.gms.common.api.GoogleApiActivity"
148-->[com.google.android.gms:play-services-base:18.0.1] AndroidManifest.xml:20:19-85
149            android:exported="false"
149-->[com.google.android.gms:play-services-base:18.0.1] AndroidManifest.xml:22:19-43
150            android:theme="@android:style/Theme.Translucent.NoTitleBar" />
150-->[com.google.android.gms:play-services-base:18.0.1] AndroidManifest.xml:21:19-78
151
152        <meta-data
152-->[com.google.android.gms:play-services-basement:18.3.0] AndroidManifest.xml:21:9-23:69
153            android:name="com.google.android.gms.version"
153-->[com.google.android.gms:play-services-basement:18.3.0] AndroidManifest.xml:22:13-58
154            android:value="@integer/google_play_services_version" />
154-->[com.google.android.gms:play-services-basement:18.3.0] AndroidManifest.xml:23:13-66
155
156        <provider
156-->[androidx.emoji2:emoji2:1.2.0] AndroidManifest.xml:24:9-32:20
157            android:name="androidx.startup.InitializationProvider"
157-->[androidx.emoji2:emoji2:1.2.0] AndroidManifest.xml:25:13-67
158            android:authorities="com.example.poetrynew.androidx-startup"
158-->[androidx.emoji2:emoji2:1.2.0] AndroidManifest.xml:26:13-68
159            android:exported="false" >
159-->[androidx.emoji2:emoji2:1.2.0] AndroidManifest.xml:27:13-37
160            <meta-data
160-->[androidx.emoji2:emoji2:1.2.0] AndroidManifest.xml:29:13-31:52
161                android:name="androidx.emoji2.text.EmojiCompatInitializer"
161-->[androidx.emoji2:emoji2:1.2.0] AndroidManifest.xml:30:17-75
162                android:value="androidx.startup" />
162-->[androidx.emoji2:emoji2:1.2.0] AndroidManifest.xml:31:17-49
163            <meta-data
163-->[androidx.lifecycle:lifecycle-process:2.4.1] AndroidManifest.xml:31:13-33:52
164                android:name="androidx.lifecycle.ProcessLifecycleInitializer"
164-->[androidx.lifecycle:lifecycle-process:2.4.1] AndroidManifest.xml:32:17-78
165                android:value="androidx.startup" />
165-->[androidx.lifecycle:lifecycle-process:2.4.1] AndroidManifest.xml:33:17-49
166        </provider>
167    </application>
168
169</manifest>